<?xml version="1.0" encoding="UTF-8"?>
<testsuite name="Regression suite 1"
           tests="3"
           failures="0"
           errors="0"
           skipped="0"
           time="0.003">
  <properties />
  
  
            <testcase name="testCase02" time="0.001" classname="com.guru.test.TestNFExample" />
                <testcase name="testCase03" time="0.001" classname="com.guru.test.TestNFExample" />
                <testcase name="testCase01" time="0.001" classname="com.guru.test.TestNFExample" />
      
</testsuite>
