<?xml version="1.0" encoding="UTF-8"?>
<testsuite name="Regression suite 1"
           tests="3"
           failures="0"
           errors="0"
           skipped="0"
           time="9.801">
  <properties />
  
  
            <testcase name="testMethod" time="3.229" classname="com.guru.test.ParameterDataproviderWithClassLevel" />
                <testcase name="testMethod" time="3.168" classname="com.guru.test.ParameterDataproviderWithClassLevel" />
                <testcase name="testMethod" time="3.404" classname="com.guru.test.ParameterDataproviderWithClassLevel" />
      
</testsuite>
